# JRE version: OpenJDK Runtime Environment GraalVM CE 22.3.0 (17.0.5+8) (build 17.0.5+8-jvmci-22.3-b08)
# Java VM: OpenJDK 64-Bit Server VM GraalVM CE 22.3.0 (17.0.5+8-jvmci-22.3-b08, mixed mode, sharing, tiered, jvmci, jvmci compiler, compressed oops, compressed class ptrs, parallel gc, linux-amd64)
GC Precious Log:
 CPUs: 8 total, 4 available
 Memory: 8192M
 Large Page Support: Disabled
 NUMA Support: Disabled
 Compressed Oops: Enabled (32-bit)
 Alignments: Space 512K, Generation 512K, Heap 2M
 Heap Min Capacity: 100M
 Heap Initial Capacity: 100M
 Heap Max Capacity: 512M
 Pre-touch: Disabled
 Parallel Workers: 4
Heap:
 PSYoungGen      total 38912K, used 26623K [0x00000000f5580000, 0x00000000f8b80000, 0x0000000100000000)
  eden space 26624K, 99% used [0x00000000f5580000,0x00000000f6f7fff8,0x00000000f6f80000)
  from space 12288K, 0% used [0x00000000f7f80000,0x00000000f7f80000,0x00000000f8b80000)
  to   space 10752K, 0% used [0x00000000f6f80000,0x00000000f6f80000,0x00000000f7a00000)
 ParOldGen       total 349696K, used 349695K [0x00000000e0000000, 0x00000000f5580000, 0x00000000f5580000)
  object space 349696K, 99% used [0x00000000e0000000,0x00000000f557fff8,0x00000000f5580000)
 Metaspace       used 56668K, committed 57856K, reserved 1105920K
  class space    used 5553K, committed 6016K, reserved 1048576K
GC Heap History (20 events):
Event: 131.381 GC heap before
{Heap before GC invocations=305 (full 221):
 PSYoungGen      total 38912K, used 26624K [0x00000000f5580000, 0x00000000f8b80000, 0x0000000100000000)
  eden space 26624K, 100% used [0x00000000f5580000,0x00000000f6f80000,0x00000000f6f80000)
  from space 12288K, 0% used [0x00000000f7f80000,0x00000000f7f80000,0x00000000f8b80000)
  to   space 10752K, 0% used [0x00000000f6f80000,0x00000000f6f80000,0x00000000f7a00000)
 ParOldGen       total 349696K, used 349695K [0x00000000e0000000, 0x00000000f5580000, 0x00000000f5580000)
  object space 349696K, 99% used [0x00000000e0000000,0x00000000f557fff8,0x00000000f5580000)
 Metaspace       used 56663K, committed 57856K, reserved 1105920K
  class space    used 5552K, committed 6016K, reserved 1048576K
}
Event: 131.981 GC heap after
{Heap after GC invocations=305 (full 221):
 PSYoungGen      total 37376K, used 26624K [0x00000000f5580000, 0x00000000f8b80000, 0x0000000100000000)
  eden space 26624K, 100% used [0x00000000f5580000,0x00000000f6f80000,0x00000000f6f80000)
  from space 10752K, 0% used [0x00000000f6f80000,0x00000000f6f80000,0x00000000f7a00000)
  to   space 12288K, 0% used [0x00000000f7f80000,0x00000000f7f80000,0x00000000f8b80000)
 ParOldGen       total 349696K, used 349695K [0x00000000e0000000, 0x00000000f5580000, 0x00000000f5580000)
  object space 349696K, 99% used [0x00000000e0000000,0x00000000f557fd28,0x00000000f5580000)
 Metaspace       used 56663K, committed 57856K, reserved 1105920K
  class space    used 5552K, committed 6016K, reserved 1048576K
}
Event: 131.982 GC heap before
{Heap before GC invocations=306 (full 222):
 PSYoungGen      total 37376K, used 26624K [0x00000000f5580000, 0x00000000f8b80000, 0x0000000100000000)
  eden space 26624K, 100% used [0x00000000f5580000,0x00000000f6f80000,0x00000000f6f80000)
  from space 10752K, 0% used [0x00000000f6f80000,0x00000000f6f80000,0x00000000f7a00000)
  to   space 12288K, 0% used [0x00000000f7f80000,0x00000000f7f80000,0x00000000f8b80000)
 ParOldGen       total 349696K, used 349695K [0x00000000e0000000, 0x00000000f5580000, 0x00000000f5580000)
  object space 349696K, 99% used [0x00000000e0000000,0x00000000f557ffe0,0x00000000f5580000)
 Metaspace       used 56663K, committed 57856K, reserved 1105920K
  class space    used 5552K, committed 6016K, reserved 1048576K
}
Event: 132.392 GC heap after
{Heap after GC invocations=306 (full 222):
 PSYoungGen      total 38912K, used 26624K [0x00000000f5580000, 0x00000000f8b80000, 0x0000000100000000)
  eden space 26624K, 100% used [0x00000000f5580000,0x00000000f6f80000,0x00000000f6f80000)
  from space 12288K, 0% used [0x00000000f7f80000,0x00000000f7f80000,0x00000000f8b80000)
  to   space 10752K, 0% used [0x00000000f6f80000,0x00000000f6f80000,0x00000000f7a00000)
 ParOldGen       total 349696K, used 349693K [0x00000000e0000000, 0x00000000f5580000, 0x00000000f5580000)
  object space 349696K, 99% used [0x00000000e0000000,0x00000000f557f698,0x00000000f5580000)
 Metaspace       used 56663K, committed 57856K, reserved 1105920K
  class space    used 5552K, committed 6016K, reserved 1048576K
}
Event: 132.394 GC heap before
{Heap before GC invocations=307 (full 223):
 PSYoungGen      total 38912K, used 26624K [0x00000000f5580000, 0x00000000f8b80000, 0x0000000100000000)
  eden space 26624K, 100% used [0x00000000f5580000,0x00000000f6f80000,0x00000000f6f80000)
  from space 12288K, 0% used [0x00000000f7f80000,0x00000000f7f80000,0x00000000f8b80000)
  to   space 10752K, 0% used [0x00000000f6f80000,0x00000000f6f80000,0x00000000f7a00000)
 ParOldGen       total 349696K, used 349695K [0x00000000e0000000, 0x00000000f5580000, 0x00000000f5580000)
  object space 349696K, 99% used [0x00000000e0000000,0x00000000f557fcc8,0x00000000f5580000)
 Metaspace       used 56666K, committed 57856K, reserved 1105920K
  class space    used 5552K, committed 6016K, reserved 1048576K
}
Event: 132.949 GC heap after
{Heap after GC invocations=307 (full 223):
 PSYoungGen      total 37376K, used 26623K [0x00000000f5580000, 0x00000000f8b80000, 0x0000000100000000)
  eden space 26624K, 99% used [0x00000000f5580000,0x00000000f6f7ffe0,0x00000000f6f80000)
  from space 10752K, 0% used [0x00000000f6f80000,0x00000000f6f80000,0x00000000f7a00000)
  to   space 12288K, 0% used [0x00000000f7f80000,0x00000000f7f80000,0x00000000f8b80000)
 ParOldGen       total 349696K, used 349693K [0x00000000e0000000, 0x00000000f5580000, 0x00000000f5580000)
  object space 349696K, 99% used [0x00000000e0000000,0x00000000f557f688,0x00000000f5580000)
 Metaspace       used 56666K, committed 57856K, reserved 1105920K
  class space    used 5552K, committed 6016K, reserved 1048576K
}
Event: 132.955 GC heap before
{Heap before GC invocations=308 (full 224):
 PSYoungGen      total 37376K, used 26624K [0x00000000f5580000, 0x00000000f8b80000, 0x0000000100000000)
  eden space 26624K, 100% used [0x00000000f5580000,0x00000000f6f80000,0x00000000f6f80000)
  from space 10752K, 0% used [0x00000000f6f80000,0x00000000f6f80000,0x00000000f7a00000)
  to   space 12288K, 0% used [0x00000000f7f80000,0x00000000f7f80000,0x00000000f8b80000)
 ParOldGen       total 349696K, used 349694K [0x00000000e0000000, 0x00000000f5580000, 0x00000000f5580000)
  object space 349696K, 99% used [0x00000000e0000000,0x00000000f557f9d8,0x00000000f5580000)
 Metaspace       used 56666K, committed 57856K, reserved 1105920K
  class space    used 5552K, committed 6016K, reserved 1048576K
}
Event: 133.564 GC heap after
{Heap after GC invocations=308 (full 224):
 PSYoungGen      total 38912K, used 26624K [0x00000000f5580000, 0x00000000f8b80000, 0x0000000100000000)
  eden space 26624K, 100% used [0x00000000f5580000,0x00000000f6f80000,0x00000000f6f80000)
  from space 12288K, 0% used [0x00000000f7f80000,0x00000000f7f80000,0x00000000f8b80000)
  to   space 10752K, 0% used [0x00000000f6f80000,0x00000000f6f80000,0x00000000f7a00000)
 ParOldGen       total 349696K, used 349694K [0x00000000e0000000, 0x00000000f5580000, 0x00000000f5580000)
  object space 349696K, 99% used [0x00000000e0000000,0x00000000f557f890,0x00000000f5580000)
 Metaspace       used 56666K, committed 57856K, reserved 1105920K
  class space    used 5552K, committed 6016K, reserved 1048576K
}
Event: 133.566 GC heap before
{Heap before GC invocations=309 (full 225):
 PSYoungGen      total 38912K, used 26624K [0x00000000f5580000, 0x00000000f8b80000, 0x0000000100000000)
  eden space 26624K, 100% used [0x00000000f5580000,0x00000000f6f80000,0x00000000f6f80000)
  from space 12288K, 0% used [0x00000000f7f80000,0x00000000f7f80000,0x00000000f8b80000)
  to   space 10752K, 0% used [0x00000000f6f80000,0x00000000f6f80000,0x00000000f7a00000)
 ParOldGen       total 349696K, used 349695K [0x00000000e0000000, 0x00000000f5580000, 0x00000000f5580000)
  object space 349696K, 99% used [0x00000000e0000000,0x00000000f557ffc0,0x00000000f5580000)
 Metaspace       used 56666K, committed 57856K, reserved 1105920K
  class space    used 5552K, committed 6016K, reserved 1048576K
}
Event: 134.164 GC heap after
{Heap after GC invocations=309 (full 225):
 PSYoungGen      total 37376K, used 26624K [0x00000000f5580000, 0x00000000f8b80000, 0x0000000100000000)
  eden space 26624K, 100% used [0x00000000f5580000,0x00000000f6f80000,0x00000000f6f80000)
  from space 10752K, 0% used [0x00000000f6f80000,0x00000000f6f80000,0x00000000f7a00000)
  to   space 12288K, 0% used [0x00000000f7f80000,0x00000000f7f80000,0x00000000f8b80000)
 ParOldGen       total 349696K, used 349694K [0x00000000e0000000, 0x00000000f5580000, 0x00000000f5580000)
  object space 349696K, 99% used [0x00000000e0000000,0x00000000f557f980,0x00000000f5580000)
 Metaspace       used 56666K, committed 57856K, reserved 1105920K
  class space    used 5552K, committed 6016K, reserved 1048576K
}
Event: 134.165 GC heap before
{Heap before GC invocations=310 (full 226):
 PSYoungGen      total 37376K, used 26624K [0x00000000f5580000, 0x00000000f8b80000, 0x0000000100000000)
  eden space 26624K, 100% used [0x00000000f5580000,0x00000000f6f80000,0x00000000f6f80000)
  from space 10752K, 0% used [0x00000000f6f80000,0x00000000f6f80000,0x00000000f7a00000)
  to   space 12288K, 0% used [0x00000000f7f80000,0x00000000f7f80000,0x00000000f8b80000)
 ParOldGen       total 349696K, used 349695K [0x00000000e0000000, 0x00000000f5580000, 0x00000000f5580000)
  object space 349696K, 99% used [0x00000000e0000000,0x00000000f557fcd0,0x00000000f5580000)
 Metaspace       used 56668K, committed 57856K, reserved 1105920K
  class space    used 5553K, committed 6016K, reserved 1048576K
}
Event: 134.698 GC heap after
{Heap after GC invocations=310 (full 226):
 PSYoungGen      total 38912K, used 26623K [0x00000000f5580000, 0x00000000f8b80000, 0x0000000100000000)
  eden space 26624K, 99% used [0x00000000f5580000,0x00000000f6f7fed0,0x00000000f6f80000)
  from space 12288K, 0% used [0x00000000f7f80000,0x00000000f7f80000,0x00000000f8b80000)
  to   space 10752K, 0% used [0x00000000f6f80000,0x00000000f6f80000,0x00000000f7a00000)
 ParOldGen       total 349696K, used 349694K [0x00000000e0000000, 0x00000000f5580000, 0x00000000f5580000)
  object space 349696K, 99% used [0x00000000e0000000,0x00000000f557fb18,0x00000000f5580000)
 Metaspace       used 56668K, committed 57856K, reserved 1105920K
  class space    used 5553K, committed 6016K, reserved 1048576K
}
Event: 134.699 GC heap before
{Heap before GC invocations=311 (full 227):
 PSYoungGen      total 38912K, used 26624K [0x00000000f5580000, 0x00000000f8b80000, 0x0000000100000000)
  eden space 26624K, 100% used [0x00000000f5580000,0x00000000f6f80000,0x00000000f6f80000)
  from space 12288K, 0% used [0x00000000f7f80000,0x00000000f7f80000,0x00000000f8b80000)
  to   space 10752K, 0% used [0x00000000f6f80000,0x00000000f6f80000,0x00000000f7a00000)
 ParOldGen       total 349696K, used 349694K [0x00000000e0000000, 0x00000000f5580000, 0x00000000f5580000)
  object space 349696K, 99% used [0x00000000e0000000,0x00000000f557fb18,0x00000000f5580000)
 Metaspace       used 56668K, committed 57856K, reserved 1105920K
  class space    used 5553K, committed 6016K, reserved 1048576K
}
Event: 135.289 GC heap after
{Heap after GC invocations=311 (full 227):
 PSYoungGen      total 37376K, used 26623K [0x00000000f5580000, 0x00000000f8b80000, 0x0000000100000000)
  eden space 26624K, 99% used [0x00000000f5580000,0x00000000f6f7fed0,0x00000000f6f80000)
  from space 10752K, 0% used [0x00000000f6f80000,0x00000000f6f80000,0x00000000f7a00000)
  to   space 12288K, 0% used [0x00000000f7f80000,0x00000000f7f80000,0x00000000f8b80000)
 ParOldGen       total 349696K, used 349694K [0x00000000e0000000, 0x00000000f5580000, 0x00000000f5580000)
  object space 349696K, 99% used [0x00000000e0000000,0x00000000f557fb18,0x00000000f5580000)
 Metaspace       used 56668K, committed 57856K, reserved 1105920K
  class space    used 5553K, committed 6016K, reserved 1048576K
}
Event: 135.290 GC heap before
{Heap before GC invocations=312 (full 228):
 PSYoungGen      total 37376K, used 26624K [0x00000000f5580000, 0x00000000f8b80000, 0x0000000100000000)
  eden space 26624K, 100% used [0x00000000f5580000,0x00000000f6f80000,0x00000000f6f80000)
  from space 10752K, 0% used [0x00000000f6f80000,0x00000000f6f80000,0x00000000f7a00000)
  to   space 12288K, 0% used [0x00000000f7f80000,0x00000000f7f80000,0x00000000f8b80000)
 ParOldGen       total 349696K, used 349694K [0x00000000e0000000, 0x00000000f5580000, 0x00000000f5580000)
  object space 349696K, 99% used [0x00000000e0000000,0x00000000f557fb18,0x00000000f5580000)
 Metaspace       used 56668K, committed 57856K, reserved 1105920K
  class space    used 5553K, committed 6016K, reserved 1048576K
}
Event: 135.743 GC heap after
{Heap after GC invocations=312 (full 228):
 PSYoungGen      total 38912K, used 26623K [0x00000000f5580000, 0x00000000f8b80000, 0x0000000100000000)
  eden space 26624K, 99% used [0x00000000f5580000,0x00000000f6f7fed0,0x00000000f6f80000)
  from space 12288K, 0% used [0x00000000f7f80000,0x00000000f7f80000,0x00000000f8b80000)
  to   space 10752K, 0% used [0x00000000f6f80000,0x00000000f6f80000,0x00000000f7a00000)
 ParOldGen       total 349696K, used 349694K [0x00000000e0000000, 0x00000000f5580000, 0x00000000f5580000)
  object space 349696K, 99% used [0x00000000e0000000,0x00000000f557fb18,0x00000000f5580000)
 Metaspace       used 56668K, committed 57856K, reserved 1105920K
  class space    used 5553K, committed 6016K, reserved 1048576K
}
Event: 135.744 GC heap before
{Heap before GC invocations=313 (full 229):
 PSYoungGen      total 38912K, used 26623K [0x00000000f5580000, 0x00000000f8b80000, 0x0000000100000000)
  eden space 26624K, 99% used [0x00000000f5580000,0x00000000f6f7ff00,0x00000000f6f80000)
  from space 12288K, 0% used [0x00000000f7f80000,0x00000000f7f80000,0x00000000f8b80000)
  to   space 10752K, 0% used [0x00000000f6f80000,0x00000000f6f80000,0x00000000f7a00000)
 ParOldGen       total 349696K, used 349694K [0x00000000e0000000, 0x00000000f5580000, 0x00000000f5580000)
  object space 349696K, 99% used [0x00000000e0000000,0x00000000f557fb18,0x00000000f5580000)
 Metaspace       used 56668K, committed 57856K, reserved 1105920K
  class space    used 5553K, committed 6016K, reserved 1048576K
}
Event: 136.383 GC heap after
{Heap after GC invocations=313 (full 229):
 PSYoungGen      total 37376K, used 26623K [0x00000000f5580000, 0x00000000f8b80000, 0x0000000100000000)
  eden space 26624K, 99% used [0x00000000f5580000,0x00000000f6f7fed0,0x00000000f6f80000)
  from space 10752K, 0% used [0x00000000f6f80000,0x00000000f6f80000,0x00000000f7a00000)
  to   space 12288K, 0% used [0x00000000f7f80000,0x00000000f7f80000,0x00000000f8b80000)
 ParOldGen       total 349696K, used 349694K [0x00000000e0000000, 0x00000000f5580000, 0x00000000f5580000)
  object space 349696K, 99% used [0x00000000e0000000,0x00000000f557fb18,0x00000000f5580000)
 Metaspace       used 56668K, committed 57856K, reserved 1105920K
  class space    used 5553K, committed 6016K, reserved 1048576K
}
Event: 136.383 GC heap before
{Heap before GC invocations=314 (full 230):
 PSYoungGen      total 37376K, used 26623K [0x00000000f5580000, 0x00000000f8b80000, 0x0000000100000000)
  eden space 26624K, 99% used [0x00000000f5580000,0x00000000f6f7fed0,0x00000000f6f80000)
  from space 10752K, 0% used [0x00000000f6f80000,0x00000000f6f80000,0x00000000f7a00000)
  to   space 12288K, 0% used [0x00000000f7f80000,0x00000000f7f80000,0x00000000f8b80000)
 ParOldGen       total 349696K, used 349694K [0x00000000e0000000, 0x00000000f5580000, 0x00000000f5580000)
  object space 349696K, 99% used [0x00000000e0000000,0x00000000f557fb18,0x00000000f5580000)
 Metaspace       used 56668K, committed 57856K, reserved 1105920K
  class space    used 5553K, committed 6016K, reserved 1048576K
}
Event: 136.841 GC heap after
{Heap after GC invocations=314 (full 230):
 PSYoungGen      total 38912K, used 26623K [0x00000000f5580000, 0x00000000f8b80000, 0x0000000100000000)
  eden space 26624K, 99% used [0x00000000f5580000,0x00000000f6f7fed0,0x00000000f6f80000)
  from space 12288K, 0% used [0x00000000f7f80000,0x00000000f7f80000,0x00000000f8b80000)
  to   space 10752K, 0% used [0x00000000f6f80000,0x00000000f6f80000,0x00000000f7a00000)
 ParOldGen       total 349696K, used 349694K [0x00000000e0000000, 0x00000000f5580000, 0x00000000f5580000)
  object space 349696K, 99% used [0x00000000e0000000,0x00000000f557fb18,0x00000000f5580000)
 Metaspace       used 56668K, committed 57856K, reserved 1105920K
  class space    used 5553K, committed 6016K, reserved 1048576K
}

